<!DOCTYPE html PUBLIC "-//W3C//DTD XHTML 1.1//EN http://www.w3.org/TR/xhtml11/DTD/xhtml11.dtd">
<html xmlns="http://www.w3.org/1999/xhtml">
<head>
<title>TestNG:  Unit Test</title>
<style type="text/css">
table caption,table.info_table,table.param,table.passed,table.failed {margin-bottom:10px;border:1px solid #000099;border-collapse:collapse;empty-cells:show;}
table.info_table td,table.info_table th,table.param td,table.param th,table.passed td,table.passed th,table.failed td,table.failed th {
border:1px solid #000099;padding:.25em .5em .25em .5em
}
table.param th {vertical-align:bottom}
td.numi,th.numi,td.numi_attn {
text-align:right
}
tr.total td {font-weight:bold}
table caption {
text-align:center;font-weight:bold;
}
table.passed tr.stripe td,table tr.passedodd td {background-color: #00AA00;}
table.passed td,table tr.passedeven td {background-color: #33FF33;}
table.passed tr.stripe td,table tr.skippedodd td {background-color: #cccccc;}
table.passed td,table tr.skippedodd td {background-color: #dddddd;}
table.failed tr.stripe td,table tr.failedodd td,table.param td.numi_attn {background-color: #FF3333;}
table.failed td,table tr.failedeven td,table.param tr.stripe td.numi_attn {background-color: #DD0000;}
tr.stripe td,tr.stripe th {background-color: #E6EBF9;}
p.totop {font-size:85%;text-align:center;border-bottom:2px black solid}
div.shootout {padding:2em;border:3px #4854A8 solid}
</style>
</head>
<body>
<table cellspacing=0 cellpadding=0 class="param">
<tr><th>Test</th><th class="numi">Methods<br/>Passed</th><th class="numi">Scenarios<br/>Passed</th><th class="numi"># skipped</th><th class="numi"># failed</th><th class="numi">Total<br/>Time</th><th class="numi">Included<br/>Groups</th><th class="numi">Excluded<br/>Groups</th></tr>
<tr><td style="text-align:left;padding-right:2em">Command line test</td><td class="numi">0</td><td class="numi">0</td><td class="numi">0</td><td class="numi_attn">4</td><td class="numi">0.0 seconds</td><td class="numi"></td><td class="numi"></td></tr>
</table>
<a id="summary"></a>
<table cellspacing=0 cellpadding=0 class="passed">
<tr><th>Class</th><th>Method</th><th># of<br/>Scenarios</th><th>Time<br/>(Msecs)</th></tr>
<tr><th colspan="4">Command line test &#8212; failed</th></tr>
<tr class="failedodd"><td rowspan="4">io.sealights.javaBuildAgent.test.ArgumentParserTest<td><a href="#m1"><b>givefalseArgument_shouldGetParseException</b> (UnitTest) </a></td><td class="numi">1</td><td class="numi">15</td></tr><tr class="failedodd"><td><a href="#m2"><b>DontGiveModeArgs_shouldGiveHelpText</b> (UnitTest) </a></td><td class="numi">1</td><td class="numi">0</td></tr><tr class="failedodd"><td><a href="#m3"><b>skipRequiredArg_shouldGetParseException</b> (UnitTest) </a></td><td class="numi">1</td><td class="numi">0</td></tr><tr class="failedodd"><td><a href="#m4"><b>giveGoodInput</b> (UnitTest) </a></td><td class="numi">1</td><td class="numi">0</td></tr>
</table>
<h1>Command line test</h1>
<a id="m1"></a><h2>io.sealights.javaBuildAgent.test.ArgumentParserTest:givefalseArgument_shouldGetParseException</h2>
<div style="padding-left:3em">
<p>
Expected exception org.apache.commons.cli.ParseException but got org.testng.TestException: 
The exception was thrown with the wrong message: expected &quot;Unrecognized option: -falsearg&quot; but got &quot;Missing required options: server, javaclassprefix&quot;</p>
org.testng.internal.Invoker.handleInvocationResults(Invoker.java:1417)
<br/>at org.testng.internal.Invoker.invokeTestMethods(Invoker.java:1180)
<br/>at org.testng.internal.TestMethodWorker.invokeTestMethods(TestMethodWorker.java:125)
<br/>at org.testng.internal.TestMethodWorker.run(TestMethodWorker.java:109)
<br/>at org.testng.TestRunner.runWorkers(TestRunner.java:1178)
<br/>at org.testng.TestRunner.privateRun(TestRunner.java:757)
<br/>at org.testng.TestRunner.run(TestRunner.java:608)
<br/>at org.testng.SuiteRunner.runTest(SuiteRunner.java:334)
<br/>at org.testng.SuiteRunner.runSequentially(SuiteRunner.java:329)
<br/>at org.testng.SuiteRunner.privateRun(SuiteRunner.java:291)
<br/>at org.testng.SuiteRunner.run(SuiteRunner.java:240)
<br/>at org.testng.SuiteRunnerWorker.runSuite(SuiteRunnerWorker.java:52)
<br/>at org.testng.SuiteRunnerWorker.run(SuiteRunnerWorker.java:86)
<br/>at org.testng.TestNG.runSuitesSequentially(TestNG.java:1158)
<br/>at org.testng.TestNG.runSuitesLocally(TestNG.java:1083)
<br/>at org.testng.TestNG.run(TestNG.java:999)
<br/>at org.apache.maven.surefire.testng.TestNGExecutor.run(TestNGExecutor.java:77)
<br/>at org.apache.maven.surefire.testng.TestNGDirectoryTestSuite.execute(TestNGDirectoryTestSuite.java:110)
<br/>at org.apache.maven.surefire.testng.TestNGProvider.invoke(TestNGProvider.java:106)
<br/>at sun.reflect.NativeMethodAccessorImpl.invoke0(Native Method)
<br/>at sun.reflect.NativeMethodAccessorImpl.invoke(NativeMethodAccessorImpl.java:62)
<br/>at sun.reflect.DelegatingMethodAccessorImpl.invoke(DelegatingMethodAccessorImpl.java:43)
<br/>at java.lang.reflect.Method.invoke(Method.java:497)
<br/>at org.apache.maven.surefire.util.ReflectionUtils.invokeMethodWithArray(ReflectionUtils.java:189)
<br/>at org.apache.maven.surefire.booter.ProviderFactory$ProviderProxy.invoke(ProviderFactory.java:165)
<br/>at org.apache.maven.surefire.booter.ProviderFactory.invokeProvider(ProviderFactory.java:85)
<br/>at org.apache.maven.surefire.booter.ForkedBooter.runSuitesInProcess(ForkedBooter.java:115)
<br/>at org.apache.maven.surefire.booter.ForkedBooter.main(ForkedBooter.java:75)
<br/>1 lines not shown
<p>Caused by 
The exception was thrown with the wrong message: expected &quot;Unrecognized option: -falsearg&quot; but got &quot;Missing required options: server, javaclassprefix&quot;</p>
org.testng.internal.Invoker.handleInvocationResults(Invoker.java:1410)
<br/>at org.testng.internal.Invoker.invokeMethod(Invoker.java:722)
<br/>at org.testng.internal.Invoker.invokeTestMethod(Invoker.java:842)
<br/>at org.testng.internal.Invoker.invokeTestMethods(Invoker.java:1166)
<br/>at org.testng.internal.TestMethodWorker.invokeTestMethods(TestMethodWorker.java:125)
<br/>at org.testng.internal.TestMethodWorker.run(TestMethodWorker.java:109)
<br/>at org.testng.TestRunner.runWorkers(TestRunner.java:1178)
<br/>at org.testng.TestRunner.privateRun(TestRunner.java:757)
<br/>at org.testng.TestRunner.run(TestRunner.java:608)
<br/>at org.testng.SuiteRunner.runTest(SuiteRunner.java:334)
<br/>at org.testng.SuiteRunner.runSequentially(SuiteRunner.java:329)
<br/>at org.testng.SuiteRunner.privateRun(SuiteRunner.java:291)
<br/>at org.testng.SuiteRunner.run(SuiteRunner.java:240)
<br/>at org.testng.SuiteRunnerWorker.runSuite(SuiteRunnerWorker.java:52)
<br/>at org.testng.SuiteRunnerWorker.run(SuiteRunnerWorker.java:86)
<br/>at org.testng.TestNG.runSuitesSequentially(TestNG.java:1158)
<br/>at org.testng.TestNG.runSuitesLocally(TestNG.java:1083)
<br/>at org.testng.TestNG.run(TestNG.java:999)
<br/>at org.apache.maven.surefire.testng.TestNGExecutor.run(TestNGExecutor.java:77)
<br/>at org.apache.maven.surefire.testng.TestNGDirectoryTestSuite.execute(TestNGDirectoryTestSuite.java:110)
<br/>at org.apache.maven.surefire.testng.TestNGProvider.invoke(TestNGProvider.java:106)
<br/>at sun.reflect.NativeMethodAccessorImpl.invoke0(Native Method)
<br/>at sun.reflect.NativeMethodAccessorImpl.invoke(NativeMethodAccessorImpl.java:62)
<br/>at sun.reflect.DelegatingMethodAccessorImpl.invoke(DelegatingMethodAccessorImpl.java:43)
<br/>at java.lang.reflect.Method.invoke(Method.java:497)
<br/>at org.apache.maven.surefire.util.ReflectionUtils.invokeMethodWithArray(ReflectionUtils.java:189)
<br/>at org.apache.maven.surefire.booter.ProviderFactory$ProviderProxy.invoke(ProviderFactory.java:165)
<br/>at org.apache.maven.surefire.booter.ProviderFactory.invokeProvider(ProviderFactory.java:85)
<br/>at org.apache.maven.surefire.booter.ForkedBooter.runSuitesInProcess(ForkedBooter.java:115)
<br/>at org.apache.maven.surefire.booter.ForkedBooter.main(ForkedBooter.java:75)
<br/>1 lines not shown
<p>Caused by Missing required options: server, javaclassprefix</p>
org.apache.commons.cli.DefaultParser.checkRequiredOptions(DefaultParser.java:199)
<br/>at org.apache.commons.cli.DefaultParser.parse(DefaultParser.java:130)
<br/>at org.apache.commons.cli.DefaultParser.parse(DefaultParser.java:76)
<br/>at org.apache.commons.cli.DefaultParser.parse(DefaultParser.java:60)
<br/>at io.sealights.javaBuildAgent.args.ArgsParserWrapper.createConfigArgumentsObject(ArgsParserWrapper.java:47)
<br/>at io.sealights.javaBuildAgent.args.ArgsParserWrapper.getArguments(ArgsParserWrapper.java:31)
<br/>at io.sealights.javaBuildAgent.test.ArgumentParserTest.givefalseArgument_shouldGetParseException(ArgumentParserTest.java:40)
<br/>35 lines not shown
</div>
<p class="totop"><a href="#summary">back to summary</a></p>
<a id="m2"></a><h2>io.sealights.javaBuildAgent.test.ArgumentParserTest:DontGiveModeArgs_shouldGiveHelpText</h2>
<div style="padding-left:3em">
<p>
Expected exception org.apache.commons.cli.ParseException but got org.testng.TestException: 
The exception was thrown with the wrong message: expected &quot;Missing required option: javaclassprefix&quot; but got &quot;Missing required options: server, javaclassprefix&quot;</p>
org.testng.internal.Invoker.handleInvocationResults(Invoker.java:1417)
<br/>at org.testng.internal.Invoker.invokeTestMethods(Invoker.java:1180)
<br/>at org.testng.internal.TestMethodWorker.invokeTestMethods(TestMethodWorker.java:125)
<br/>at org.testng.internal.TestMethodWorker.run(TestMethodWorker.java:109)
<br/>at org.testng.TestRunner.runWorkers(TestRunner.java:1178)
<br/>at org.testng.TestRunner.privateRun(TestRunner.java:757)
<br/>at org.testng.TestRunner.run(TestRunner.java:608)
<br/>at org.testng.SuiteRunner.runTest(SuiteRunner.java:334)
<br/>at org.testng.SuiteRunner.runSequentially(SuiteRunner.java:329)
<br/>at org.testng.SuiteRunner.privateRun(SuiteRunner.java:291)
<br/>at org.testng.SuiteRunner.run(SuiteRunner.java:240)
<br/>at org.testng.SuiteRunnerWorker.runSuite(SuiteRunnerWorker.java:52)
<br/>at org.testng.SuiteRunnerWorker.run(SuiteRunnerWorker.java:86)
<br/>at org.testng.TestNG.runSuitesSequentially(TestNG.java:1158)
<br/>at org.testng.TestNG.runSuitesLocally(TestNG.java:1083)
<br/>at org.testng.TestNG.run(TestNG.java:999)
<br/>at org.apache.maven.surefire.testng.TestNGExecutor.run(TestNGExecutor.java:77)
<br/>at org.apache.maven.surefire.testng.TestNGDirectoryTestSuite.execute(TestNGDirectoryTestSuite.java:110)
<br/>at org.apache.maven.surefire.testng.TestNGProvider.invoke(TestNGProvider.java:106)
<br/>at sun.reflect.NativeMethodAccessorImpl.invoke0(Native Method)
<br/>at sun.reflect.NativeMethodAccessorImpl.invoke(NativeMethodAccessorImpl.java:62)
<br/>at sun.reflect.DelegatingMethodAccessorImpl.invoke(DelegatingMethodAccessorImpl.java:43)
<br/>at java.lang.reflect.Method.invoke(Method.java:497)
<br/>at org.apache.maven.surefire.util.ReflectionUtils.invokeMethodWithArray(ReflectionUtils.java:189)
<br/>at org.apache.maven.surefire.booter.ProviderFactory$ProviderProxy.invoke(ProviderFactory.java:165)
<br/>at org.apache.maven.surefire.booter.ProviderFactory.invokeProvider(ProviderFactory.java:85)
<br/>at org.apache.maven.surefire.booter.ForkedBooter.runSuitesInProcess(ForkedBooter.java:115)
<br/>at org.apache.maven.surefire.booter.ForkedBooter.main(ForkedBooter.java:75)
<br/>1 lines not shown
<p>Caused by 
The exception was thrown with the wrong message: expected &quot;Missing required option: javaclassprefix&quot; but got &quot;Missing required options: server, javaclassprefix&quot;</p>
org.testng.internal.Invoker.handleInvocationResults(Invoker.java:1410)
<br/>at org.testng.internal.Invoker.invokeMethod(Invoker.java:722)
<br/>at org.testng.internal.Invoker.invokeTestMethod(Invoker.java:842)
<br/>at org.testng.internal.Invoker.invokeTestMethods(Invoker.java:1166)
<br/>at org.testng.internal.TestMethodWorker.invokeTestMethods(TestMethodWorker.java:125)
<br/>at org.testng.internal.TestMethodWorker.run(TestMethodWorker.java:109)
<br/>at org.testng.TestRunner.runWorkers(TestRunner.java:1178)
<br/>at org.testng.TestRunner.privateRun(TestRunner.java:757)
<br/>at org.testng.TestRunner.run(TestRunner.java:608)
<br/>at org.testng.SuiteRunner.runTest(SuiteRunner.java:334)
<br/>at org.testng.SuiteRunner.runSequentially(SuiteRunner.java:329)
<br/>at org.testng.SuiteRunner.privateRun(SuiteRunner.java:291)
<br/>at org.testng.SuiteRunner.run(SuiteRunner.java:240)
<br/>at org.testng.SuiteRunnerWorker.runSuite(SuiteRunnerWorker.java:52)
<br/>at org.testng.SuiteRunnerWorker.run(SuiteRunnerWorker.java:86)
<br/>at org.testng.TestNG.runSuitesSequentially(TestNG.java:1158)
<br/>at org.testng.TestNG.runSuitesLocally(TestNG.java:1083)
<br/>at org.testng.TestNG.run(TestNG.java:999)
<br/>at org.apache.maven.surefire.testng.TestNGExecutor.run(TestNGExecutor.java:77)
<br/>at org.apache.maven.surefire.testng.TestNGDirectoryTestSuite.execute(TestNGDirectoryTestSuite.java:110)
<br/>at org.apache.maven.surefire.testng.TestNGProvider.invoke(TestNGProvider.java:106)
<br/>at sun.reflect.NativeMethodAccessorImpl.invoke0(Native Method)
<br/>at sun.reflect.NativeMethodAccessorImpl.invoke(NativeMethodAccessorImpl.java:62)
<br/>at sun.reflect.DelegatingMethodAccessorImpl.invoke(DelegatingMethodAccessorImpl.java:43)
<br/>at java.lang.reflect.Method.invoke(Method.java:497)
<br/>at org.apache.maven.surefire.util.ReflectionUtils.invokeMethodWithArray(ReflectionUtils.java:189)
<br/>at org.apache.maven.surefire.booter.ProviderFactory$ProviderProxy.invoke(ProviderFactory.java:165)
<br/>at org.apache.maven.surefire.booter.ProviderFactory.invokeProvider(ProviderFactory.java:85)
<br/>at org.apache.maven.surefire.booter.ForkedBooter.runSuitesInProcess(ForkedBooter.java:115)
<br/>at org.apache.maven.surefire.booter.ForkedBooter.main(ForkedBooter.java:75)
<br/>1 lines not shown
<p>Caused by Missing required options: server, javaclassprefix</p>
org.apache.commons.cli.DefaultParser.checkRequiredOptions(DefaultParser.java:199)
<br/>at org.apache.commons.cli.DefaultParser.parse(DefaultParser.java:130)
<br/>at org.apache.commons.cli.DefaultParser.parse(DefaultParser.java:76)
<br/>at org.apache.commons.cli.DefaultParser.parse(DefaultParser.java:60)
<br/>at io.sealights.javaBuildAgent.args.ArgsParserWrapper.createConfigArgumentsObject(ArgsParserWrapper.java:47)
<br/>at io.sealights.javaBuildAgent.args.ArgsParserWrapper.getArguments(ArgsParserWrapper.java:31)
<br/>at io.sealights.javaBuildAgent.test.ArgumentParserTest.DontGiveModeArgs_shouldGiveHelpText(ArgumentParserTest.java:64)
<br/>35 lines not shown
</div>
<p class="totop"><a href="#summary">back to summary</a></p>
<a id="m3"></a><h2>io.sealights.javaBuildAgent.test.ArgumentParserTest:skipRequiredArg_shouldGetParseException</h2>
<div style="padding-left:3em">
<p>
Expected exception org.apache.commons.cli.ParseException but got org.testng.TestException: 
The exception was thrown with the wrong message: expected &quot;Missing required option: javaclassprefix&quot; but got &quot;Missing required options: server, javaclassprefix&quot;</p>
org.testng.internal.Invoker.handleInvocationResults(Invoker.java:1417)
<br/>at org.testng.internal.Invoker.invokeTestMethods(Invoker.java:1180)
<br/>at org.testng.internal.TestMethodWorker.invokeTestMethods(TestMethodWorker.java:125)
<br/>at org.testng.internal.TestMethodWorker.run(TestMethodWorker.java:109)
<br/>at org.testng.TestRunner.runWorkers(TestRunner.java:1178)
<br/>at org.testng.TestRunner.privateRun(TestRunner.java:757)
<br/>at org.testng.TestRunner.run(TestRunner.java:608)
<br/>at org.testng.SuiteRunner.runTest(SuiteRunner.java:334)
<br/>at org.testng.SuiteRunner.runSequentially(SuiteRunner.java:329)
<br/>at org.testng.SuiteRunner.privateRun(SuiteRunner.java:291)
<br/>at org.testng.SuiteRunner.run(SuiteRunner.java:240)
<br/>at org.testng.SuiteRunnerWorker.runSuite(SuiteRunnerWorker.java:52)
<br/>at org.testng.SuiteRunnerWorker.run(SuiteRunnerWorker.java:86)
<br/>at org.testng.TestNG.runSuitesSequentially(TestNG.java:1158)
<br/>at org.testng.TestNG.runSuitesLocally(TestNG.java:1083)
<br/>at org.testng.TestNG.run(TestNG.java:999)
<br/>at org.apache.maven.surefire.testng.TestNGExecutor.run(TestNGExecutor.java:77)
<br/>at org.apache.maven.surefire.testng.TestNGDirectoryTestSuite.execute(TestNGDirectoryTestSuite.java:110)
<br/>at org.apache.maven.surefire.testng.TestNGProvider.invoke(TestNGProvider.java:106)
<br/>at sun.reflect.NativeMethodAccessorImpl.invoke0(Native Method)
<br/>at sun.reflect.NativeMethodAccessorImpl.invoke(NativeMethodAccessorImpl.java:62)
<br/>at sun.reflect.DelegatingMethodAccessorImpl.invoke(DelegatingMethodAccessorImpl.java:43)
<br/>at java.lang.reflect.Method.invoke(Method.java:497)
<br/>at org.apache.maven.surefire.util.ReflectionUtils.invokeMethodWithArray(ReflectionUtils.java:189)
<br/>at org.apache.maven.surefire.booter.ProviderFactory$ProviderProxy.invoke(ProviderFactory.java:165)
<br/>at org.apache.maven.surefire.booter.ProviderFactory.invokeProvider(ProviderFactory.java:85)
<br/>at org.apache.maven.surefire.booter.ForkedBooter.runSuitesInProcess(ForkedBooter.java:115)
<br/>at org.apache.maven.surefire.booter.ForkedBooter.main(ForkedBooter.java:75)
<br/>1 lines not shown
<p>Caused by 
The exception was thrown with the wrong message: expected &quot;Missing required option: javaclassprefix&quot; but got &quot;Missing required options: server, javaclassprefix&quot;</p>
org.testng.internal.Invoker.handleInvocationResults(Invoker.java:1410)
<br/>at org.testng.internal.Invoker.invokeMethod(Invoker.java:722)
<br/>at org.testng.internal.Invoker.invokeTestMethod(Invoker.java:842)
<br/>at org.testng.internal.Invoker.invokeTestMethods(Invoker.java:1166)
<br/>at org.testng.internal.TestMethodWorker.invokeTestMethods(TestMethodWorker.java:125)
<br/>at org.testng.internal.TestMethodWorker.run(TestMethodWorker.java:109)
<br/>at org.testng.TestRunner.runWorkers(TestRunner.java:1178)
<br/>at org.testng.TestRunner.privateRun(TestRunner.java:757)
<br/>at org.testng.TestRunner.run(TestRunner.java:608)
<br/>at org.testng.SuiteRunner.runTest(SuiteRunner.java:334)
<br/>at org.testng.SuiteRunner.runSequentially(SuiteRunner.java:329)
<br/>at org.testng.SuiteRunner.privateRun(SuiteRunner.java:291)
<br/>at org.testng.SuiteRunner.run(SuiteRunner.java:240)
<br/>at org.testng.SuiteRunnerWorker.runSuite(SuiteRunnerWorker.java:52)
<br/>at org.testng.SuiteRunnerWorker.run(SuiteRunnerWorker.java:86)
<br/>at org.testng.TestNG.runSuitesSequentially(TestNG.java:1158)
<br/>at org.testng.TestNG.runSuitesLocally(TestNG.java:1083)
<br/>at org.testng.TestNG.run(TestNG.java:999)
<br/>at org.apache.maven.surefire.testng.TestNGExecutor.run(TestNGExecutor.java:77)
<br/>at org.apache.maven.surefire.testng.TestNGDirectoryTestSuite.execute(TestNGDirectoryTestSuite.java:110)
<br/>at org.apache.maven.surefire.testng.TestNGProvider.invoke(TestNGProvider.java:106)
<br/>at sun.reflect.NativeMethodAccessorImpl.invoke0(Native Method)
<br/>at sun.reflect.NativeMethodAccessorImpl.invoke(NativeMethodAccessorImpl.java:62)
<br/>at sun.reflect.DelegatingMethodAccessorImpl.invoke(DelegatingMethodAccessorImpl.java:43)
<br/>at java.lang.reflect.Method.invoke(Method.java:497)
<br/>at org.apache.maven.surefire.util.ReflectionUtils.invokeMethodWithArray(ReflectionUtils.java:189)
<br/>at org.apache.maven.surefire.booter.ProviderFactory$ProviderProxy.invoke(ProviderFactory.java:165)
<br/>at org.apache.maven.surefire.booter.ProviderFactory.invokeProvider(ProviderFactory.java:85)
<br/>at org.apache.maven.surefire.booter.ForkedBooter.runSuitesInProcess(ForkedBooter.java:115)
<br/>at org.apache.maven.surefire.booter.ForkedBooter.main(ForkedBooter.java:75)
<br/>1 lines not shown
<p>Caused by Missing required options: server, javaclassprefix</p>
org.apache.commons.cli.DefaultParser.checkRequiredOptions(DefaultParser.java:199)
<br/>at org.apache.commons.cli.DefaultParser.parse(DefaultParser.java:130)
<br/>at org.apache.commons.cli.DefaultParser.parse(DefaultParser.java:76)
<br/>at org.apache.commons.cli.DefaultParser.parse(DefaultParser.java:60)
<br/>at io.sealights.javaBuildAgent.args.ArgsParserWrapper.createConfigArgumentsObject(ArgsParserWrapper.java:47)
<br/>at io.sealights.javaBuildAgent.args.ArgsParserWrapper.getArguments(ArgsParserWrapper.java:31)
<br/>at io.sealights.javaBuildAgent.test.ArgumentParserTest.skipRequiredArg_shouldGetParseException(ArgumentParserTest.java:52)
<br/>35 lines not shown
</div>
<p class="totop"><a href="#summary">back to summary</a></p>
<a id="m4"></a><h2>io.sealights.javaBuildAgent.test.ArgumentParserTest:giveGoodInput</h2>
<div style="padding-left:3em">
<p>Missing required options: server, javaclassprefix</p>
org.apache.commons.cli.DefaultParser.checkRequiredOptions(DefaultParser.java:199)
<br/>at org.apache.commons.cli.DefaultParser.parse(DefaultParser.java:130)
<br/>at org.apache.commons.cli.DefaultParser.parse(DefaultParser.java:76)
<br/>at org.apache.commons.cli.DefaultParser.parse(DefaultParser.java:60)
<br/>at io.sealights.javaBuildAgent.args.ArgsParserWrapper.createConfigArgumentsObject(ArgsParserWrapper.java:47)
<br/>at io.sealights.javaBuildAgent.args.ArgsParserWrapper.getArguments(ArgsParserWrapper.java:31)
<br/>at io.sealights.javaBuildAgent.test.ArgumentParserTest.giveGoodInput(ArgumentParserTest.java:21)
<br/>35 lines not shown
</div>
<p class="totop"><a href="#summary">back to summary</a></p>
</body></html>
