<?xml version="1.0" encoding="UTF-8"?>
<testng-results skipped="0" failed="4" total="4" passed="0">
  <reporter-output>
  </reporter-output>
  <suite name="io.sealights.javaBuildAgent.test.ArgumentParserTest" duration-ms="31" started-at="2016-02-24T23:58:42Z" finished-at="2016-02-24T23:58:42Z">
    <groups>
      <group name="UnitTest">
        <method signature="io.sealights.javaBuildAgent.test.ArgumentParserTest.DontGiveModeArgs_shouldGiveHelpText()" name="DontGiveModeArgs_shouldGiveHelpText" class="io.sealights.javaBuildAgent.test.ArgumentParserTest"/>
        <method signature="io.sealights.javaBuildAgent.test.ArgumentParserTest.giveGoodInput()" name="giveGoodInput" class="io.sealights.javaBuildAgent.test.ArgumentParserTest"/>
        <method signature="io.sealights.javaBuildAgent.test.ArgumentParserTest.givefalseArgument_shouldGetParseException()" name="givefalseArgument_shouldGetParseException" class="io.sealights.javaBuildAgent.test.ArgumentParserTest"/>
        <method signature="io.sealights.javaBuildAgent.test.ArgumentParserTest.skipRequiredArg_shouldGetParseException()" name="skipRequiredArg_shouldGetParseException" class="io.sealights.javaBuildAgent.test.ArgumentParserTest"/>
      </group>
    </groups>
    <test name="Command line test" duration-ms="31" started-at="2016-02-24T23:58:42Z" finished-at="2016-02-24T23:58:42Z">
      <class name="io.sealights.javaBuildAgent.test.ArgumentParserTest">
        <test-method status="FAIL" signature="givefalseArgument_shouldGetParseException()" name="givefalseArgument_shouldGetParseException" duration-ms="15" started-at="2016-02-24T23:58:42Z" finished-at="2016-02-24T23:58:42Z">
          <exception class="org.testng.TestException">
            <message>
              <![CDATA[
Expected exception org.apache.commons.cli.ParseException but got org.testng.TestException: 
The exception was thrown with the wrong message: expected "Unrecognized option: -falsearg" but got "Missing required options: server, javaclassprefix"]]>
            </message>
            <full-stacktrace>
              <![CDATA[org.testng.TestException: 
Expected exception org.apache.commons.cli.ParseException but got org.testng.TestException: 
The exception was thrown with the wrong message: expected "Unrecognized option: -falsearg" but got "Missing required options: server, javaclassprefix"
	at org.testng.internal.Invoker.handleInvocationResults(Invoker.java:1417)
	at org.testng.internal.Invoker.invokeTestMethods(Invoker.java:1180)
	at org.testng.internal.TestMethodWorker.invokeTestMethods(TestMethodWorker.java:125)
	at org.testng.internal.TestMethodWorker.run(TestMethodWorker.java:109)
	at org.testng.TestRunner.runWorkers(TestRunner.java:1178)
	at org.testng.TestRunner.privateRun(TestRunner.java:757)
	at org.testng.TestRunner.run(TestRunner.java:608)
	at org.testng.SuiteRunner.runTest(SuiteRunner.java:334)
	at org.testng.SuiteRunner.runSequentially(SuiteRunner.java:329)
	at org.testng.SuiteRunner.privateRun(SuiteRunner.java:291)
	at org.testng.SuiteRunner.run(SuiteRunner.java:240)
	at org.testng.SuiteRunnerWorker.runSuite(SuiteRunnerWorker.java:52)
	at org.testng.SuiteRunnerWorker.run(SuiteRunnerWorker.java:86)
	at org.testng.TestNG.runSuitesSequentially(TestNG.java:1158)
	at org.testng.TestNG.runSuitesLocally(TestNG.java:1083)
	at org.testng.TestNG.run(TestNG.java:999)
	at org.apache.maven.surefire.testng.TestNGExecutor.run(TestNGExecutor.java:77)
	at org.apache.maven.surefire.testng.TestNGDirectoryTestSuite.execute(TestNGDirectoryTestSuite.java:110)
	at org.apache.maven.surefire.testng.TestNGProvider.invoke(TestNGProvider.java:106)
	at sun.reflect.NativeMethodAccessorImpl.invoke0(Native Method)
	at sun.reflect.NativeMethodAccessorImpl.invoke(NativeMethodAccessorImpl.java:62)
	at sun.reflect.DelegatingMethodAccessorImpl.invoke(DelegatingMethodAccessorImpl.java:43)
	at java.lang.reflect.Method.invoke(Method.java:497)
	at org.apache.maven.surefire.util.ReflectionUtils.invokeMethodWithArray(ReflectionUtils.java:189)
	at org.apache.maven.surefire.booter.ProviderFactory$ProviderProxy.invoke(ProviderFactory.java:165)
	at org.apache.maven.surefire.booter.ProviderFactory.invokeProvider(ProviderFactory.java:85)
	at org.apache.maven.surefire.booter.ForkedBooter.runSuitesInProcess(ForkedBooter.java:115)
	at org.apache.maven.surefire.booter.ForkedBooter.main(ForkedBooter.java:75)
Caused by: org.testng.TestException: 
The exception was thrown with the wrong message: expected "Unrecognized option: -falsearg" but got "Missing required options: server, javaclassprefix"
	at org.testng.internal.Invoker.handleInvocationResults(Invoker.java:1410)
	at org.testng.internal.Invoker.invokeMethod(Invoker.java:722)
	at org.testng.internal.Invoker.invokeTestMethod(Invoker.java:842)
	at org.testng.internal.Invoker.invokeTestMethods(Invoker.java:1166)
	... 26 more
Caused by: org.apache.commons.cli.MissingOptionException: Missing required options: server, javaclassprefix
	at org.apache.commons.cli.DefaultParser.checkRequiredOptions(DefaultParser.java:199)
	at org.apache.commons.cli.DefaultParser.parse(DefaultParser.java:130)
	at org.apache.commons.cli.DefaultParser.parse(DefaultParser.java:76)
	at org.apache.commons.cli.DefaultParser.parse(DefaultParser.java:60)
	at io.sealights.javaBuildAgent.args.ArgsParserWrapper.createConfigArgumentsObject(ArgsParserWrapper.java:47)
	at io.sealights.javaBuildAgent.args.ArgsParserWrapper.getArguments(ArgsParserWrapper.java:31)
	at io.sealights.javaBuildAgent.test.ArgumentParserTest.givefalseArgument_shouldGetParseException(ArgumentParserTest.java:40)
	at sun.reflect.NativeMethodAccessorImpl.invoke0(Native Method)
	at sun.reflect.NativeMethodAccessorImpl.invoke(NativeMethodAccessorImpl.java:62)
	at sun.reflect.DelegatingMethodAccessorImpl.invoke(DelegatingMethodAccessorImpl.java:43)
	at java.lang.reflect.Method.invoke(Method.java:497)
	at org.testng.internal.MethodInvocationHelper.invokeMethod(MethodInvocationHelper.java:80)
	at org.testng.internal.Invoker.invokeMethod(Invoker.java:673)
	... 28 more
]]>
            </full-stacktrace>
          </exception>
        </test-method>
        <test-method status="FAIL" signature="DontGiveModeArgs_shouldGiveHelpText()" name="DontGiveModeArgs_shouldGiveHelpText" duration-ms="0" started-at="2016-02-24T23:58:42Z" finished-at="2016-02-24T23:58:42Z">
          <exception class="org.testng.TestException">
            <message>
              <![CDATA[
Expected exception org.apache.commons.cli.ParseException but got org.testng.TestException: 
The exception was thrown with the wrong message: expected "Missing required option: javaclassprefix" but got "Missing required options: server, javaclassprefix"]]>
            </message>
            <full-stacktrace>
              <![CDATA[org.testng.TestException: 
Expected exception org.apache.commons.cli.ParseException but got org.testng.TestException: 
The exception was thrown with the wrong message: expected "Missing required option: javaclassprefix" but got "Missing required options: server, javaclassprefix"
	at org.testng.internal.Invoker.handleInvocationResults(Invoker.java:1417)
	at org.testng.internal.Invoker.invokeTestMethods(Invoker.java:1180)
	at org.testng.internal.TestMethodWorker.invokeTestMethods(TestMethodWorker.java:125)
	at org.testng.internal.TestMethodWorker.run(TestMethodWorker.java:109)
	at org.testng.TestRunner.runWorkers(TestRunner.java:1178)
	at org.testng.TestRunner.privateRun(TestRunner.java:757)
	at org.testng.TestRunner.run(TestRunner.java:608)
	at org.testng.SuiteRunner.runTest(SuiteRunner.java:334)
	at org.testng.SuiteRunner.runSequentially(SuiteRunner.java:329)
	at org.testng.SuiteRunner.privateRun(SuiteRunner.java:291)
	at org.testng.SuiteRunner.run(SuiteRunner.java:240)
	at org.testng.SuiteRunnerWorker.runSuite(SuiteRunnerWorker.java:52)
	at org.testng.SuiteRunnerWorker.run(SuiteRunnerWorker.java:86)
	at org.testng.TestNG.runSuitesSequentially(TestNG.java:1158)
	at org.testng.TestNG.runSuitesLocally(TestNG.java:1083)
	at org.testng.TestNG.run(TestNG.java:999)
	at org.apache.maven.surefire.testng.TestNGExecutor.run(TestNGExecutor.java:77)
	at org.apache.maven.surefire.testng.TestNGDirectoryTestSuite.execute(TestNGDirectoryTestSuite.java:110)
	at org.apache.maven.surefire.testng.TestNGProvider.invoke(TestNGProvider.java:106)
	at sun.reflect.NativeMethodAccessorImpl.invoke0(Native Method)
	at sun.reflect.NativeMethodAccessorImpl.invoke(NativeMethodAccessorImpl.java:62)
	at sun.reflect.DelegatingMethodAccessorImpl.invoke(DelegatingMethodAccessorImpl.java:43)
	at java.lang.reflect.Method.invoke(Method.java:497)
	at org.apache.maven.surefire.util.ReflectionUtils.invokeMethodWithArray(ReflectionUtils.java:189)
	at org.apache.maven.surefire.booter.ProviderFactory$ProviderProxy.invoke(ProviderFactory.java:165)
	at org.apache.maven.surefire.booter.ProviderFactory.invokeProvider(ProviderFactory.java:85)
	at org.apache.maven.surefire.booter.ForkedBooter.runSuitesInProcess(ForkedBooter.java:115)
	at org.apache.maven.surefire.booter.ForkedBooter.main(ForkedBooter.java:75)
Caused by: org.testng.TestException: 
The exception was thrown with the wrong message: expected "Missing required option: javaclassprefix" but got "Missing required options: server, javaclassprefix"
	at org.testng.internal.Invoker.handleInvocationResults(Invoker.java:1410)
	at org.testng.internal.Invoker.invokeMethod(Invoker.java:722)
	at org.testng.internal.Invoker.invokeTestMethod(Invoker.java:842)
	at org.testng.internal.Invoker.invokeTestMethods(Invoker.java:1166)
	... 26 more
Caused by: org.apache.commons.cli.MissingOptionException: Missing required options: server, javaclassprefix
	at org.apache.commons.cli.DefaultParser.checkRequiredOptions(DefaultParser.java:199)
	at org.apache.commons.cli.DefaultParser.parse(DefaultParser.java:130)
	at org.apache.commons.cli.DefaultParser.parse(DefaultParser.java:76)
	at org.apache.commons.cli.DefaultParser.parse(DefaultParser.java:60)
	at io.sealights.javaBuildAgent.args.ArgsParserWrapper.createConfigArgumentsObject(ArgsParserWrapper.java:47)
	at io.sealights.javaBuildAgent.args.ArgsParserWrapper.getArguments(ArgsParserWrapper.java:31)
	at io.sealights.javaBuildAgent.test.ArgumentParserTest.DontGiveModeArgs_shouldGiveHelpText(ArgumentParserTest.java:64)
	at sun.reflect.NativeMethodAccessorImpl.invoke0(Native Method)
	at sun.reflect.NativeMethodAccessorImpl.invoke(NativeMethodAccessorImpl.java:62)
	at sun.reflect.DelegatingMethodAccessorImpl.invoke(DelegatingMethodAccessorImpl.java:43)
	at java.lang.reflect.Method.invoke(Method.java:497)
	at org.testng.internal.MethodInvocationHelper.invokeMethod(MethodInvocationHelper.java:80)
	at org.testng.internal.Invoker.invokeMethod(Invoker.java:673)
	... 28 more
]]>
            </full-stacktrace>
          </exception>
        </test-method>
        <test-method status="FAIL" signature="giveGoodInput()" name="giveGoodInput" duration-ms="0" started-at="2016-02-24T23:58:42Z" finished-at="2016-02-24T23:58:42Z">
          <exception class="org.apache.commons.cli.MissingOptionException">
            <message>
              <![CDATA[Missing required options: server, javaclassprefix]]>
            </message>
            <full-stacktrace>
              <![CDATA[org.apache.commons.cli.MissingOptionException: Missing required options: server, javaclassprefix
	at org.apache.commons.cli.DefaultParser.checkRequiredOptions(DefaultParser.java:199)
	at org.apache.commons.cli.DefaultParser.parse(DefaultParser.java:130)
	at org.apache.commons.cli.DefaultParser.parse(DefaultParser.java:76)
	at org.apache.commons.cli.DefaultParser.parse(DefaultParser.java:60)
	at io.sealights.javaBuildAgent.args.ArgsParserWrapper.createConfigArgumentsObject(ArgsParserWrapper.java:47)
	at io.sealights.javaBuildAgent.args.ArgsParserWrapper.getArguments(ArgsParserWrapper.java:31)
	at io.sealights.javaBuildAgent.test.ArgumentParserTest.giveGoodInput(ArgumentParserTest.java:21)
	at sun.reflect.NativeMethodAccessorImpl.invoke0(Native Method)
	at sun.reflect.NativeMethodAccessorImpl.invoke(NativeMethodAccessorImpl.java:62)
	at sun.reflect.DelegatingMethodAccessorImpl.invoke(DelegatingMethodAccessorImpl.java:43)
	at java.lang.reflect.Method.invoke(Method.java:497)
	at org.testng.internal.MethodInvocationHelper.invokeMethod(MethodInvocationHelper.java:80)
	at org.testng.internal.Invoker.invokeMethod(Invoker.java:673)
	at org.testng.internal.Invoker.invokeTestMethod(Invoker.java:842)
	at org.testng.internal.Invoker.invokeTestMethods(Invoker.java:1166)
	at org.testng.internal.TestMethodWorker.invokeTestMethods(TestMethodWorker.java:125)
	at org.testng.internal.TestMethodWorker.run(TestMethodWorker.java:109)
	at org.testng.TestRunner.runWorkers(TestRunner.java:1178)
	at org.testng.TestRunner.privateRun(TestRunner.java:757)
	at org.testng.TestRunner.run(TestRunner.java:608)
	at org.testng.SuiteRunner.runTest(SuiteRunner.java:334)
	at org.testng.SuiteRunner.runSequentially(SuiteRunner.java:329)
	at org.testng.SuiteRunner.privateRun(SuiteRunner.java:291)
	at org.testng.SuiteRunner.run(SuiteRunner.java:240)
	at org.testng.SuiteRunnerWorker.runSuite(SuiteRunnerWorker.java:52)
	at org.testng.SuiteRunnerWorker.run(SuiteRunnerWorker.java:86)
	at org.testng.TestNG.runSuitesSequentially(TestNG.java:1158)
	at org.testng.TestNG.runSuitesLocally(TestNG.java:1083)
	at org.testng.TestNG.run(TestNG.java:999)
	at org.apache.maven.surefire.testng.TestNGExecutor.run(TestNGExecutor.java:77)
	at org.apache.maven.surefire.testng.TestNGDirectoryTestSuite.execute(TestNGDirectoryTestSuite.java:110)
	at org.apache.maven.surefire.testng.TestNGProvider.invoke(TestNGProvider.java:106)
	at sun.reflect.NativeMethodAccessorImpl.invoke0(Native Method)
	at sun.reflect.NativeMethodAccessorImpl.invoke(NativeMethodAccessorImpl.java:62)
	at sun.reflect.DelegatingMethodAccessorImpl.invoke(DelegatingMethodAccessorImpl.java:43)
	at java.lang.reflect.Method.invoke(Method.java:497)
	at org.apache.maven.surefire.util.ReflectionUtils.invokeMethodWithArray(ReflectionUtils.java:189)
	at org.apache.maven.surefire.booter.ProviderFactory$ProviderProxy.invoke(ProviderFactory.java:165)
	at org.apache.maven.surefire.booter.ProviderFactory.invokeProvider(ProviderFactory.java:85)
	at org.apache.maven.surefire.booter.ForkedBooter.runSuitesInProcess(ForkedBooter.java:115)
	at org.apache.maven.surefire.booter.ForkedBooter.main(ForkedBooter.java:75)
]]>
            </full-stacktrace>
          </exception>
        </test-method>
        <test-method status="FAIL" signature="skipRequiredArg_shouldGetParseException()" name="skipRequiredArg_shouldGetParseException" duration-ms="0" started-at="2016-02-24T23:58:42Z" finished-at="2016-02-24T23:58:42Z">
          <exception class="org.testng.TestException">
            <message>
              <![CDATA[
Expected exception org.apache.commons.cli.ParseException but got org.testng.TestException: 
The exception was thrown with the wrong message: expected "Missing required option: javaclassprefix" but got "Missing required options: server, javaclassprefix"]]>
            </message>
            <full-stacktrace>
              <![CDATA[org.testng.TestException: 
Expected exception org.apache.commons.cli.ParseException but got org.testng.TestException: 
The exception was thrown with the wrong message: expected "Missing required option: javaclassprefix" but got "Missing required options: server, javaclassprefix"
	at org.testng.internal.Invoker.handleInvocationResults(Invoker.java:1417)
	at org.testng.internal.Invoker.invokeTestMethods(Invoker.java:1180)
	at org.testng.internal.TestMethodWorker.invokeTestMethods(TestMethodWorker.java:125)
	at org.testng.internal.TestMethodWorker.run(TestMethodWorker.java:109)
	at org.testng.TestRunner.runWorkers(TestRunner.java:1178)
	at org.testng.TestRunner.privateRun(TestRunner.java:757)
	at org.testng.TestRunner.run(TestRunner.java:608)
	at org.testng.SuiteRunner.runTest(SuiteRunner.java:334)
	at org.testng.SuiteRunner.runSequentially(SuiteRunner.java:329)
	at org.testng.SuiteRunner.privateRun(SuiteRunner.java:291)
	at org.testng.SuiteRunner.run(SuiteRunner.java:240)
	at org.testng.SuiteRunnerWorker.runSuite(SuiteRunnerWorker.java:52)
	at org.testng.SuiteRunnerWorker.run(SuiteRunnerWorker.java:86)
	at org.testng.TestNG.runSuitesSequentially(TestNG.java:1158)
	at org.testng.TestNG.runSuitesLocally(TestNG.java:1083)
	at org.testng.TestNG.run(TestNG.java:999)
	at org.apache.maven.surefire.testng.TestNGExecutor.run(TestNGExecutor.java:77)
	at org.apache.maven.surefire.testng.TestNGDirectoryTestSuite.execute(TestNGDirectoryTestSuite.java:110)
	at org.apache.maven.surefire.testng.TestNGProvider.invoke(TestNGProvider.java:106)
	at sun.reflect.NativeMethodAccessorImpl.invoke0(Native Method)
	at sun.reflect.NativeMethodAccessorImpl.invoke(NativeMethodAccessorImpl.java:62)
	at sun.reflect.DelegatingMethodAccessorImpl.invoke(DelegatingMethodAccessorImpl.java:43)
	at java.lang.reflect.Method.invoke(Method.java:497)
	at org.apache.maven.surefire.util.ReflectionUtils.invokeMethodWithArray(ReflectionUtils.java:189)
	at org.apache.maven.surefire.booter.ProviderFactory$ProviderProxy.invoke(ProviderFactory.java:165)
	at org.apache.maven.surefire.booter.ProviderFactory.invokeProvider(ProviderFactory.java:85)
	at org.apache.maven.surefire.booter.ForkedBooter.runSuitesInProcess(ForkedBooter.java:115)
	at org.apache.maven.surefire.booter.ForkedBooter.main(ForkedBooter.java:75)
Caused by: org.testng.TestException: 
The exception was thrown with the wrong message: expected "Missing required option: javaclassprefix" but got "Missing required options: server, javaclassprefix"
	at org.testng.internal.Invoker.handleInvocationResults(Invoker.java:1410)
	at org.testng.internal.Invoker.invokeMethod(Invoker.java:722)
	at org.testng.internal.Invoker.invokeTestMethod(Invoker.java:842)
	at org.testng.internal.Invoker.invokeTestMethods(Invoker.java:1166)
	... 26 more
Caused by: org.apache.commons.cli.MissingOptionException: Missing required options: server, javaclassprefix
	at org.apache.commons.cli.DefaultParser.checkRequiredOptions(DefaultParser.java:199)
	at org.apache.commons.cli.DefaultParser.parse(DefaultParser.java:130)
	at org.apache.commons.cli.DefaultParser.parse(DefaultParser.java:76)
	at org.apache.commons.cli.DefaultParser.parse(DefaultParser.java:60)
	at io.sealights.javaBuildAgent.args.ArgsParserWrapper.createConfigArgumentsObject(ArgsParserWrapper.java:47)
	at io.sealights.javaBuildAgent.args.ArgsParserWrapper.getArguments(ArgsParserWrapper.java:31)
	at io.sealights.javaBuildAgent.test.ArgumentParserTest.skipRequiredArg_shouldGetParseException(ArgumentParserTest.java:52)
	at sun.reflect.NativeMethodAccessorImpl.invoke0(Native Method)
	at sun.reflect.NativeMethodAccessorImpl.invoke(NativeMethodAccessorImpl.java:62)
	at sun.reflect.DelegatingMethodAccessorImpl.invoke(DelegatingMethodAccessorImpl.java:43)
	at java.lang.reflect.Method.invoke(Method.java:497)
	at org.testng.internal.MethodInvocationHelper.invokeMethod(MethodInvocationHelper.java:80)
	at org.testng.internal.Invoker.invokeMethod(Invoker.java:673)
	... 28 more
]]>
            </full-stacktrace>
          </exception>
        </test-method>
      </class>
    </test>
  </suite>
</testng-results>
